ERROR - 2023-06-05 04:21:29 --> Error connecting to the database: mysqli_sql_exception: Unknown database 'ci4-apiserver' in D:\Xampp 8.2\htdocs\ci4-apiserver\system\Database\MySQLi\Connection.php:173
Stack trace:
#0 D:\Xampp 8.2\htdocs\ci4-apiserver\system\Database\MySQLi\Connection.php(173): mysqli->real_connect('localhost', 'root', Object(SensitiveParameterValue), 'ci4-apiserver', 3306, '', 0)
#1 D:\Xampp 8.2\htdocs\ci4-apiserver\system\Database\BaseConnection.php(391): CodeIgniter\Database\MySQLi\Connection->connect(false)
#2 D:\Xampp 8.2\htdocs\ci4-apiserver\system\Database\BaseConnection.php(574): CodeIgniter\Database\BaseConnection->initialize()
#3 D:\Xampp 8.2\htdocs\ci4-apiserver\system\Database\BaseConnection.php(1409): CodeIgniter\Database\BaseConnection->query('SHOW TABLES FRO...')
#4 D:\Xampp 8.2\htdocs\ci4-apiserver\system\Commands\Database\ShowTableInfo.php(103): CodeIgniter\Database\BaseConnection->listTables()
#5 D:\Xampp 8.2\htdocs\ci4-apiserver\system\CLI\Commands.php(65): CodeIgniter\Commands\Database\ShowTableInfo->run(Array)
#6 D:\Xampp 8.2\htdocs\ci4-apiserver\system\CLI\Console.php(37): CodeIgniter\CLI\Commands->run('db:table', Array)
#7 D:\Xampp 8.2\htdocs\ci4-apiserver\spark(97): CodeIgniter\CLI\Console->run()
#8 {main}

Next CodeIgniter\Database\Exceptions\DatabaseException: Unknown database 'ci4-apiserver' in D:\Xampp 8.2\htdocs\ci4-apiserver\system\Database\MySQLi\Connection.php:218
Stack trace:
#0 D:\Xampp 8.2\htdocs\ci4-apiserver\system\Database\BaseConnection.php(391): CodeIgniter\Database\MySQLi\Connection->connect(false)
#1 D:\Xampp 8.2\htdocs\ci4-apiserver\system\Database\BaseConnection.php(574): CodeIgniter\Database\BaseConnection->initialize()
#2 D:\Xampp 8.2\htdocs\ci4-apiserver\system\Database\BaseConnection.php(1409): CodeIgniter\Database\BaseConnection->query('SHOW TABLES FRO...')
#3 D:\Xampp 8.2\htdocs\ci4-apiserver\system\Commands\Database\ShowTableInfo.php(103): CodeIgniter\Database\BaseConnection->listTables()
#4 D:\Xampp 8.2\htdocs\ci4-apiserver\system\CLI\Commands.php(65): CodeIgniter\Commands\Database\ShowTableInfo->run(Array)
#5 D:\Xampp 8.2\htdocs\ci4-apiserver\system\CLI\Console.php(37): CodeIgniter\CLI\Commands->run('db:table', Array)
#6 D:\Xampp 8.2\htdocs\ci4-apiserver\spark(97): CodeIgniter\CLI\Console->run()
#7 {main}
CRITICAL - 2023-06-05 04:21:29 --> Unable to connect to the database.
Main connection [MySQLi]: Unknown database 'ci4-apiserver'
in SYSTEMPATH\Database\BaseConnection.php on line 427.
 1 SYSTEMPATH\Database\BaseConnection.php(574): CodeIgniter\Database\BaseConnection->initialize()
 2 SYSTEMPATH\Database\BaseConnection.php(1409): CodeIgniter\Database\BaseConnection->query('SHOW TABLES FROM `ci4-apiserver`')
 3 SYSTEMPATH\Commands\Database\ShowTableInfo.php(103): CodeIgniter\Database\BaseConnection->listTables()
 4 SYSTEMPATH\CLI\Commands.php(65): CodeIgniter\Commands\Database\ShowTableInfo->run([...])
 5 SYSTEMPATH\CLI\Console.php(37): CodeIgniter\CLI\Commands->run('db:table', [...])
 6 ROOTPATH\spark(97): CodeIgniter\CLI\Console->run()
